<?xml version="1.0" encoding="UTF-8"?>
<!-- Generated by org.testng.reporters.JUnitReportReporter -->
<testsuite hostname="BODMANZY101" failures="0" tests="1" name="Practice.ReadingDataFromExcelAPITest" time="2.301" errors="0" timestamp="2022-08-07T23:22:23 EEST" skipped="0">
  <testcase classname="Practice.ReadingDataFromExcelAPITest" name="readExcel_Post" time="2.301"/>
  <system-out/>
</testsuite> <!-- Practice.ReadingDataFromExcelAPITest -->
