<?xml version="1.0" encoding="UTF-8"?>
<!-- Generated by org.testng.reporters.JUnitReportReporter -->
<testsuite hostname="BODMANZY101" failures="0" tests="1" name="tests.GetAndPostExamples" time="2.073" errors="0" timestamp="2022-08-07T01:26:57 EEST" skipped="0">
  <testcase classname="tests.GetAndPostExamples" name="testPost" time="2.073"/>
  <system-out/>
</testsuite> <!-- tests.GetAndPostExamples -->
