<?xml version="1.0" encoding="UTF-8"?>
<!-- Generated by org.testng.reporters.JUnitReportReporter -->
<testsuite hostname="BODMANZY101" failures="0" tests="1" name="tests.DataDrivenExampleParameters" time="1.343" errors="0" timestamp="2022-08-07T04:35:21 EEST" skipped="0">
  <testcase classname="tests.DataDrivenExampleParameters" name="test_delete2" time="1.343"/>
  <system-out/>
</testsuite> <!-- tests.DataDrivenExampleParameters -->
