<?xml version="1.0" encoding="UTF-8"?>
<!-- Generated by org.testng.reporters.JUnitReportReporter -->
<testsuite hostname="BODMANZY101" failures="0" tests="1" name="ToolsQATutorial.JSONResponse" time="1.594" errors="0" timestamp="2022-08-09T02:08:05 EEST" skipped="0">
  <testcase classname="ToolsQATutorial.JSONResponse" name="UserRegistrationSuccessful" time="1.594"/>
  <system-out/>
</testsuite> <!-- ToolsQATutorial.JSONResponse -->
