<?xml version="1.0" encoding="UTF-8"?>
<!-- Generated by org.testng.reporters.JUnitReportReporter -->
<testsuite hostname="BODMANZY101" failures="0" tests="4" name="tests.DataDrivenExamples1" time="1.787" errors="0" timestamp="2022-08-07T03:49:42 EEST" skipped="0">
  <testcase classname="tests.DataDrivenExamples1" name="test_delete" time="0.042"/>
  <system-out/>
  <testcase classname="tests.DataDrivenExamples1" name="test_delete" time="1.652"/>
  <system-out/>
  <testcase classname="tests.DataDrivenExamples1" name="test_delete" time="0.046"/>
  <system-out/>
  <testcase classname="tests.DataDrivenExamples1" name="test_delete" time="0.047"/>
  <system-out/>
</testsuite> <!-- tests.DataDrivenExamples1 -->
