<?xml version="1.0" encoding="UTF-8"?>
<!-- Generated by org.testng.reporters.JUnitReportReporter -->
<testsuite hostname="BODMANZY101" failures="0" tests="1" name="ToolsQATutorial.ValidatingRestAPIHeader" time="1.778" errors="0" timestamp="2022-08-09T01:37:35 EEST" skipped="0">
  <testcase classname="ToolsQATutorial.ValidatingRestAPIHeader" name="iteratingHeaders" time="1.778"/>
  <system-out/>
</testsuite> <!-- ToolsQATutorial.ValidatingRestAPIHeader -->
