<?xml version="1.0" encoding="UTF-8"?>
<!-- Generated by org.testng.reporters.JUnitReportReporter -->
<testsuite hostname="BODMANZY101" failures="0" tests="1" name="ToolsQATutorial.QueryParameter" time="2.375" errors="0" timestamp="2022-08-08T04:04:14 EEST" skipped="0">
  <testcase classname="ToolsQATutorial.QueryParameter" name="queryPam" time="2.375"/>
  <system-out/>
</testsuite> <!-- ToolsQATutorial.QueryParameter -->
