<?xml version="1.0" encoding="UTF-8"?>
<!-- Generated by org.testng.reporters.JUnitReportReporter -->
<testsuite hostname="BODMANZY101" failures="0" tests="1" name="tests.ExamplesUsingLocalMockAPI" time="1.449" errors="0" timestamp="2022-08-07T03:04:37 EEST" skipped="0">
  <testcase classname="tests.ExamplesUsingLocalMockAPI" name="test_delete" time="1.449"/>
  <system-out/>
</testsuite> <!-- tests.ExamplesUsingLocalMockAPI -->
