<?xml version="1.0" encoding="UTF-8"?>
<!-- Generated by org.testng.reporters.JUnitReportReporter -->
<testsuite hostname="BODMANZY101" failures="0" tests="2" name="tests.FirstTest" time="2.372" errors="0" timestamp="2022-08-08T01:16:56 EEST" skipped="0">
  <testcase classname="tests.FirstTest" name="test1" time="1.731"/>
  <system-out/>
  <testcase classname="tests.FirstTest" name="test2" time="0.641"/>
  <system-out/>
</testsuite> <!-- tests.FirstTest -->
