<?xml version="1.0" encoding="UTF-8"?>
<!-- Generated by org.testng.reporters.JUnitReportReporter -->
<testsuite hostname="BODMANZY101" failures="0" tests="1" name="ToolsQATutorial.RestAssuredAPITest" time="1.722" errors="0" timestamp="2022-08-08T01:48:00 EEST" skipped="0">
  <testcase classname="ToolsQATutorial.RestAssuredAPITest" name="getBookDetails_2" time="1.722"/>
  <system-out/>
</testsuite> <!-- ToolsQATutorial.RestAssuredAPITest -->
