<?xml version="1.0" encoding="UTF-8"?>
<!-- Generated by org.testng.reporters.JUnitReportReporter -->
<testsuite hostname="BODMANZY101" failures="0" tests="1" name="tests.PutPatchDeleteExamples" time="1.812" errors="0" timestamp="2022-08-08T04:15:56 EEST" skipped="0">
  <testcase classname="tests.PutPatchDeleteExamples" name="testPatch" time="1.812"/>
  <system-out/>
</testsuite> <!-- tests.PutPatchDeleteExamples -->
