<?xml version="1.0" encoding="UTF-8"?>
<!-- Generated by org.testng.reporters.JUnitReportReporter -->
<testsuite hostname="BODMANZY101" failures="0" tests="1" name="tests.PracticeTest1" time="1.574" errors="0" timestamp="2022-08-06T18:44:34 EEST" skipped="0">
  <testcase classname="tests.PracticeTest1" name="test3" time="1.574"/>
  <system-out/>
</testsuite> <!-- tests.PracticeTest1 -->
