<?xml version="1.0" encoding="UTF-8"?>
<!-- Generated by org.testng.reporters.JUnitReportReporter -->
<testsuite hostname="BODMANZY101" failures="0" tests="1" name="ToolsQATutorial.ValidatingRestAPIBody" time="1.734" errors="0" timestamp="2022-08-08T03:04:57 EEST" skipped="0">
  <testcase classname="ToolsQATutorial.ValidatingRestAPIBody" name="WeatherMessageBody" time="1.734"/>
  <system-out/>
</testsuite> <!-- ToolsQATutorial.ValidatingRestAPIBody -->
